<?xml version="1.0" encoding="UTF-8"?>
<!-- Generated by org.testng.reporters.JUnitXMLReporter -->
<testsuite ignored="3" hostname="mayankrusia" failures="0" tests="1" name="Default test" time="14.989" errors="0" timestamp="2024-06-29T22:23:51 IST">
  <testcase classname="TS_018_FooterSection.TC_FS" name="FS_005" time="1.002"/>
  <testcase classname="TS_018_FooterSection.TC_FS" name="FS_004" time="0.0">
    <ignored/>
  </testcase> <!-- FS_004 -->
  <testcase classname="TS_018_FooterSection.TC_FS" name="FS_002" time="0.0">
    <ignored/>
  </testcase> <!-- FS_002 -->
  <testcase classname="TS_018_FooterSection.TC_FS" name="FS_003" time="0.0">
    <ignored/>
  </testcase> <!-- FS_003 -->
</testsuite> <!-- Default test -->
