<?xml version="1.0" encoding="UTF-8"?>
<!-- Generated by org.testng.reporters.JUnitXMLReporter -->
<testsuite ignored="0" hostname="mayankrusia" failures="1" tests="1" name="ChromeTest" time="3.367" errors="0" timestamp="2024-06-08T13:15:13 IST">
  <testcase classname="TS_001_TextBoxes.TC_TB_001" name="TB_001" time="0.0">
    <failure type="org.testng.TestNGException" message="
Cannot inject @Test annotated Method [TB_001] with [class java.lang.String].
For more information on native dependency injection please refer to https://testng.org/doc/documentation-main.html#native-dependency-injection">
      <![CDATA[org.testng.TestNGException: 
Cannot inject @Test annotated Method [TB_001] with [class java.lang.String].
For more information on native dependency injection please refer to https://testng.org/doc/documentation-main.html#native-dependency-injection
at java.base/java.util.ArrayList.forEach(ArrayList.java:1511)
... Removed 26 stack frames]]>
    </failure>
  </testcase> <!-- TB_001 -->
</testsuite> <!-- ChromeTest -->
