<?xml version="1.0" encoding="UTF-8"?>
<!-- Generated by org.testng.reporters.JUnitXMLReporter -->
<testsuite ignored="0" hostname="mayankrusia" failures="1" tests="1" name="Test" time="15.49" errors="0" timestamp="2024-02-07T09:16:03 IST">
  <testcase classname="TS_001_TextBoxes.TC_TB_002" name="test" time="1.001">
    <failure type="java.lang.AssertionError" message="The following asserts failed:
	Email textbox not showing warning message expected [invalid email address] but found [mohit   875@ yahoo.com],
	Phone textbox not showing warning message expected [invalid phone number] but found [6523   985]">
      <![CDATA[java.lang.AssertionError: The following asserts failed:
Email textbox not showing warning message expected [invalid email address] but found [mohit   875@ yahoo.com],
Phone textbox not showing warning message expected [invalid phone number] but found [6523   985]
at TS_001_TextBoxes.TC_TB_002.test(TC_TB_002.java:64)
at java.base/java.util.ArrayList.forEach(ArrayList.java:1596)
... Removed 31 stack frames]]>
    </failure>
  </testcase> <!-- test -->
</testsuite> <!-- Test -->
