<?xml version="1.0" encoding="UTF-8"?>
<testng-results ignored="0" total="1" passed="1" failed="0" skipped="0">
  <reporter-output>
  </reporter-output>
  <suite started-at="2024-06-29T22:23:36 IST" name="Default suite" finished-at="2024-06-29T22:23:51 IST" duration-ms="14989">
    <groups>
    </groups>
    <test started-at="2024-06-29T22:23:36 IST" name="Default test" finished-at="2024-06-29T22:23:51 IST" duration-ms="14989">
      <class name="TS_018_FooterSection.TC_FS">
        <test-method is-config="true" signature="setup()[pri:0, instance:TS_018_FooterSection.TC_FS@c9d0d6]" started-at="2024-06-29T22:23:36 IST" name="setup" finished-at="2024-06-29T22:23:45 IST" duration-ms="9783" status="PASS">
          <reporter-output>
          </reporter-output>
        </test-method> <!-- setup -->
        <test-method signature="FS_005()[pri:0, instance:TS_018_FooterSection.TC_FS@c9d0d6]" started-at="2024-06-29T22:23:46 IST" name="FS_005" description="Validate footer section content display" finished-at="2024-06-29T22:23:47 IST" duration-ms="1002" status="PASS">
          <reporter-output>
          </reporter-output>
        </test-method> <!-- FS_005 -->
        <test-method is-config="true" signature="tearDown()[pri:0, instance:TS_018_FooterSection.TC_FS@c9d0d6]" started-at="2024-06-29T22:23:47 IST" name="tearDown" finished-at="2024-06-29T22:23:51 IST" duration-ms="3881" status="PASS">
          <reporter-output>
          </reporter-output>
        </test-method> <!-- tearDown -->
      </class> <!-- TS_018_FooterSection.TC_FS -->
    </test> <!-- Default test -->
  </suite> <!-- Default suite -->
</testng-results>
